  Winmain.cpp
d:\config\ninja\winmain.cpp(20): warning C4244: 'argument': conversion from 'time_t' to 'unsigned int', possible loss of data
d:\config\ninja\winmain.cpp(28): warning C4244: 'initializing': conversion from 'double' to 'DWORD', possible loss of data
  Tilemap.cpp
d:\config\ninja\tilemap.cpp(14): warning C4244: '=': conversion from 'float' to 'int', possible loss of data
d:\config\ninja\tilemap.cpp(17): warning C4244: '=': conversion from 'float' to 'int', possible loss of data
d:\config\ninja\tilemap.cpp(20): warning C4244: '=': conversion from 'float' to 'int', possible loss of data
d:\config\ninja\tilemap.cpp(23): warning C4244: '=': conversion from 'float' to 'int', possible loss of data
d:\config\ninja\tilemap.cpp(47): warning C4018: '<=': signed/unsigned mismatch
d:\config\ninja\tilemap.cpp(49): warning C4018: '<=': signed/unsigned mismatch
d:\config\ninja\tilemap.cpp(60): warning C4244: 'argument': conversion from 'int' to 'float', possible loss of data
d:\config\ninja\tilemap.cpp(78): warning C4244: 'argument': conversion from 'float' to 'int', possible loss of data
d:\config\ninja\tilemap.cpp(99): warning C4018: '<': signed/unsigned mismatch
d:\config\ninja\tilemap.cpp(102): warning C4018: '<': signed/unsigned mismatch
  GameConfiguration.cpp
  Game.cpp
d:\config\ninja\game.cpp(23): warning C4244: 'argument': conversion from 'double' to 'float', possible loss of data
  Generating Code...
  Skipping... (no relevant changes detected)
  Camera.cpp
  Ninja.vcxproj -> D:\Config\Ninja\Debug\Ninja.exe
