d:\config\ninja\debug\vc140.pdb
d:\config\ninja\debug\vc140.idb
d:\config\ninja\debug\animation.obj
d:\config\ninja\debug\camera.obj
d:\config\ninja\debug\game.obj
d:\config\ninja\debug\gameconfiguration.obj
d:\config\ninja\debug\gamedirectx.obj
d:\config\ninja\debug\gametexture.obj
d:\config\ninja\debug\gametime.obj
d:\config\ninja\debug\gameutils.obj
d:\config\ninja\debug\movablerect.obj
d:\config\ninja\debug\rect.obj
d:\config\ninja\debug\sprite.obj
d:\config\ninja\debug\tilemap.obj
d:\config\ninja\debug\windowgame.obj
d:\config\ninja\debug\winmain.obj
d:\config\ninja\debug\baseobject.obj
d:\config\ninja\debug\spritemanager.obj
d:\config\ninja\debug\samurai.obj
d:\config\ninja\debug\world.obj
d:\config\ninja\debug\ninja.ilk
d:\config\ninja\debug\ninja.exe
d:\config\ninja\debug\ninja.pdb
d:\config\ninja\debug\ninja.tlog\cl.command.1.tlog
d:\config\ninja\debug\ninja.tlog\cl.read.1.tlog
d:\config\ninja\debug\ninja.tlog\cl.write.1.tlog
d:\config\ninja\debug\ninja.tlog\link.command.1.tlog
d:\config\ninja\debug\ninja.tlog\link.read.1.tlog
d:\config\ninja\debug\ninja.tlog\link.write.1.tlog
